-------------------------------------------------------------------------------
Test set: com.ready2die.ApplicationTests
-------------------------------------------------------------------------------
Tests run: 1, Failures: 0, Errors: 1, Skipped: 0, Time elapsed: 1.367 s <<< FAILURE! - in com.ready2die.ApplicationTests
contextLoads(com.ready2die.ApplicationTests)  Time elapsed: 0.005 s  <<< ERROR!
java.lang.IllegalStateException: Failed to load ApplicationContext
Caused by: org.springframework.beans.factory.BeanCreationException: Error creating bean with name 'sampleApplicationRunner': Injection of autowired dependencies failed; nested exception is java.lang.IllegalArgumentException: Could not resolve placeholder 'leesunghee.age' in value "${leesunghee.age}"
Caused by: java.lang.IllegalArgumentException: Could not resolve placeholder 'leesunghee.age' in value "${leesunghee.age}"

